19:09:30.475 [MLog-Init-Reporter] INFO  com.mchange.v2.log.MLog - MLog clients using slf4j logging.
19:09:30.512 [nRepl-session-dbf663b3-39ef-4d28-b122-a469fc081340] INFO  com.mchange.v2.c3p0.C3P0Registry - Initializing c3p0-0.9.5.2 [built 08-December-2015 22:06:04 -0800; debug? true; trace: 10]
19:11:29.695 [MLog-Init-Reporter] INFO  com.mchange.v2.log.MLog - MLog clients using slf4j logging.
19:11:29.735 [nRepl-session-76f2ef6d-1bb7-49bb-95a2-83bbc15d7f9d] INFO  com.mchange.v2.c3p0.C3P0Registry - Initializing c3p0-0.9.5.2 [built 08-December-2015 22:06:04 -0800; debug? true; trace: 10]
19:29:20.581 [MLog-Init-Reporter] INFO  com.mchange.v2.log.MLog - MLog clients using slf4j logging.
19:29:20.610 [nRepl-session-a6a114bc-b192-44d8-a65f-8a6094a2880e] INFO  com.mchange.v2.c3p0.C3P0Registry - Initializing c3p0-0.9.5.2 [built 08-December-2015 22:06:04 -0800; debug? true; trace: 10]
19:29:20.695 [nRepl-session-a6a114bc-b192-44d8-a65f-8a6094a2880e] INFO  org.eclipse.jetty.util.log - Logging initialized @22317ms to org.eclipse.jetty.util.log.Slf4jLog
19:29:20.827 [nRepl-session-a6a114bc-b192-44d8-a65f-8a6094a2880e] INFO  org.eclipse.jetty.server.Server - jetty-9.4.0.v20161208
19:29:20.852 [nRepl-session-a6a114bc-b192-44d8-a65f-8a6094a2880e] INFO  o.e.j.server.handler.ContextHandler - Started o.e.j.s.ServletContextHandler@5c931f4a{/,null,AVAILABLE}
19:29:20.861 [nRepl-session-a6a114bc-b192-44d8-a65f-8a6094a2880e] INFO  o.e.jetty.server.AbstractConnector - Started ServerConnector@698462d4{HTTP/1.1,[http/1.1, h2c]}{0.0.0.0:8080}
19:29:20.861 [nRepl-session-a6a114bc-b192-44d8-a65f-8a6094a2880e] INFO  org.eclipse.jetty.server.Server - Started @22484ms
19:29:27.660 [qtp915772573-38] INFO  io.pedestal.http - {:msg "GET /", :line 80}
19:29:27.664 [qtp915772573-38] INFO  io.pedestal.http.cors - {:msg "cors request processing", :origin "", :allowed true, :line 84}
19:29:27.682 [qtp915772573-38] ERROR i.p.http.impl.servlet-interceptor - {:msg "Dev interceptor caught an exception; Forwarding it as the response.", :line 313}
clojure.lang.ExceptionInfo: clojure.lang.ExceptionInfo in Interceptor :io.pedestal.http.route/router - You're trying to use something as an interceptor that isn't supported by the protocol; Perhaps you need to extend it?
	at clojure.core$ex_info.invokeStatic(core.clj:4739)
	at clojure.core$ex_info.invoke(core.clj:4739)
	at io.pedestal.interceptor.chain$throwable__GT_ex_info.invokeStatic(chain.clj:35)
	at io.pedestal.interceptor.chain$throwable__GT_ex_info.invoke(chain.clj:32)
	at io.pedestal.interceptor.chain$try_f.invokeStatic(chain.clj:57)
	at io.pedestal.interceptor.chain$try_f.invoke(chain.clj:44)
	at io.pedestal.interceptor.chain$process_all_with_binding.invokeStatic(chain.clj:171)
	at io.pedestal.interceptor.chain$process_all_with_binding.invoke(chain.clj:146)
	at io.pedestal.interceptor.chain$process_all$fn__10257.invoke(chain.clj:188)
	at clojure.lang.AFn.applyToHelper(AFn.java:152)
	at clojure.lang.AFn.applyTo(AFn.java:144)
	at clojure.core$apply.invokeStatic(core.clj:657)
	at clojure.core$with_bindings_STAR_.invokeStatic(core.clj:1965)
	at clojure.core$with_bindings_STAR_.doInvoke(core.clj:1965)
	at clojure.lang.RestFn.invoke(RestFn.java:425)
	at io.pedestal.interceptor.chain$process_all.invokeStatic(chain.clj:186)
	at io.pedestal.interceptor.chain$process_all.invoke(chain.clj:182)
	at io.pedestal.interceptor.chain$enter_all.invokeStatic(chain.clj:235)
	at io.pedestal.interceptor.chain$enter_all.invoke(chain.clj:229)
	at io.pedestal.interceptor.chain$execute.invokeStatic(chain.clj:379)
	at io.pedestal.interceptor.chain$execute.invoke(chain.clj:352)
	at io.pedestal.interceptor.chain$execute.invokeStatic(chain.clj:389)
	at io.pedestal.interceptor.chain$execute.invoke(chain.clj:352)
	at io.pedestal.http.impl.servlet_interceptor$interceptor_service_fn$fn__15361.invoke(servlet_interceptor.clj:350)
	at io.pedestal.http.servlet.FnServlet.service(servlet.clj:28)
	at org.eclipse.jetty.servlet.ServletHolder.handle(ServletHolder.java:838)
	at org.eclipse.jetty.servlet.ServletHandler.doHandle(ServletHandler.java:543)
	at org.eclipse.jetty.server.handler.ScopedHandler.nextHandle(ScopedHandler.java:188)
	at org.eclipse.jetty.server.handler.ContextHandler.doHandle(ContextHandler.java:1228)
	at org.eclipse.jetty.server.handler.ScopedHandler.nextScope(ScopedHandler.java:168)
	at org.eclipse.jetty.servlet.ServletHandler.doScope(ServletHandler.java:481)
	at org.eclipse.jetty.server.handler.ScopedHandler.nextScope(ScopedHandler.java:166)
	at org.eclipse.jetty.server.handler.ContextHandler.doScope(ContextHandler.java:1130)
	at org.eclipse.jetty.server.handler.ScopedHandler.handle(ScopedHandler.java:141)
	at org.eclipse.jetty.server.handler.HandlerWrapper.handle(HandlerWrapper.java:132)
	at org.eclipse.jetty.server.Server.handle(Server.java:564)
	at org.eclipse.jetty.server.HttpChannel.handle(HttpChannel.java:318)
	at org.eclipse.jetty.server.HttpConnection.onFillable(HttpConnection.java:251)
	at org.eclipse.jetty.io.AbstractConnection$ReadCallback.succeeded(AbstractConnection.java:279)
	at org.eclipse.jetty.io.FillInterest.fillable(FillInterest.java:112)
	at org.eclipse.jetty.io.ChannelEndPoint$2.run(ChannelEndPoint.java:124)
	at org.eclipse.jetty.util.thread.QueuedThreadPool.runJob(QueuedThreadPool.java:672)
	at org.eclipse.jetty.util.thread.QueuedThreadPool$2.run(QueuedThreadPool.java:590)
	at java.lang.Thread.run(Thread.java:748)
Caused by: clojure.lang.ExceptionInfo: You're trying to use something as an interceptor that isn't supported by the protocol; Perhaps you need to extend it?
	at clojure.core$ex_info.invokeStatic(core.clj:4739)
	at clojure.core$ex_info.invoke(core.clj:4739)
	at io.pedestal.interceptor$interceptor.invokeStatic(interceptor.clj:82)
	at io.pedestal.interceptor$interceptor.invoke(interceptor.clj:78)
	at io.pedestal.interceptor$eval715$fn__716.invoke(interceptor.clj:50)
	at io.pedestal.interceptor$eval679$fn__680$G__670__685.invoke(interceptor.clj:23)
	at io.pedestal.interceptor$interceptor.invokeStatic(interceptor.clj:87)
	at io.pedestal.interceptor$interceptor.invoke(interceptor.clj:78)
	at clojure.core$mapv$fn__8088.invoke(core.clj:6832)
	at clojure.lang.PersistentVector.reduce(PersistentVector.java:341)
	at clojure.core$reduce.invokeStatic(core.clj:6747)
	at clojure.core$mapv.invokeStatic(core.clj:6823)
	at clojure.core$mapv.invoke(core.clj:6823)
	at io.pedestal.http.route.definition.table$parse_handlers.invokeStatic(table.clj:77)
	at io.pedestal.http.route.definition.table$parse_handlers.invoke(table.clj:70)
	at io.pedestal.http.route.definition.table$route_table_row.invokeStatic(table.clj:123)
	at io.pedestal.http.route.definition.table$route_table_row.invoke(table.clj:121)
	at clojure.core$partial$fn__5561.invoke(core.clj:2617)
	at clojure.core$map_indexed$mapi__8189$fn__8190.invoke(core.clj:7228)
	at clojure.lang.LazySeq.sval(LazySeq.java:40)
	at clojure.lang.LazySeq.seq(LazySeq.java:49)
	at clojure.lang.RT.seq(RT.java:528)
	at clojure.core$seq__5124.invokeStatic(core.clj:137)
	at clojure.core$map$fn__5587.invoke(core.clj:2738)
	at clojure.lang.LazySeq.sval(LazySeq.java:40)
	at clojure.lang.LazySeq.seq(LazySeq.java:49)
	at clojure.lang.RT.seq(RT.java:528)
	at clojure.core$seq__5124.invokeStatic(core.clj:137)
	at clojure.core.protocols$seq_reduce.invokeStatic(protocols.clj:24)
	at clojure.core.protocols$fn__7835.invokeStatic(protocols.clj:75)
	at clojure.core.protocols$fn__7835.invoke(protocols.clj:75)
	at clojure.core.protocols$fn__7781$G__7776__7794.invoke(protocols.clj:13)
	at clojure.core$reduce.invokeStatic(core.clj:6748)
	at clojure.core$reduce.invoke(core.clj:6730)
	at io.pedestal.http.route.definition$prioritize_constraints.invokeStatic(definition.clj:54)
	at io.pedestal.http.route.definition$prioritize_constraints.invoke(definition.clj:47)
	at io.pedestal.http.route.definition$ensure_routes_integrity.invokeStatic(definition.clj:72)
	at io.pedestal.http.route.definition$ensure_routes_integrity.invoke(definition.clj:71)
	at io.pedestal.http.route.definition.table$table_routes.invokeStatic(table.clj:160)
	at io.pedestal.http.route.definition.table$table_routes.invoke(table.clj:151)
	at io.pedestal.http.route.definition.table$table_routes.invokeStatic(table.clj:153)
	at io.pedestal.http.route.definition.table$table_routes.invoke(table.clj:151)
	at io.pedestal.http.route$eval11321$fn__11322.invoke(route.clj:362)
	at io.pedestal.http.route$eval11296$fn__11297$G__11287__11302.invoke(route.clj:346)
	at io.pedestal.http.route$expand_routes.invokeStatic(route.clj:379)
	at io.pedestal.http.route$expand_routes.invoke(route.clj:364)
	at coexistence.server$fn__18755.invokeStatic(server.clj:16)
	at coexistence.server$fn__18755.invoke(server.clj:11)
	at io.pedestal.http.route$eval11365$fn__11366$fn__11367.invoke(route.clj:422)
	at io.pedestal.interceptor.chain$try_f.invokeStatic(chain.clj:54)
	... 39 common frames omitted
21:46:25.167 [nRepl-session-a6a114bc-b192-44d8-a65f-8a6094a2880e] INFO  o.e.jetty.server.AbstractConnector - Stopped ServerConnector@698462d4{HTTP/1.1,[http/1.1, h2c]}{0.0.0.0:8080}
21:46:25.169 [nRepl-session-a6a114bc-b192-44d8-a65f-8a6094a2880e] INFO  o.e.j.server.handler.ContextHandler - Stopped o.e.j.s.ServletContextHandler@5c931f4a{/,null,UNAVAILABLE}
21:46:25.259 [nRepl-session-a6a114bc-b192-44d8-a65f-8a6094a2880e] INFO  org.eclipse.jetty.server.Server - jetty-9.4.0.v20161208
21:46:25.260 [nRepl-session-a6a114bc-b192-44d8-a65f-8a6094a2880e] INFO  o.e.j.server.handler.ContextHandler - Started o.e.j.s.ServletContextHandler@3b574434{/,null,AVAILABLE}
21:46:25.261 [nRepl-session-a6a114bc-b192-44d8-a65f-8a6094a2880e] INFO  o.e.jetty.server.AbstractConnector - Started ServerConnector@67cbc945{HTTP/1.1,[http/1.1, h2c]}{0.0.0.0:8080}
21:46:25.261 [nRepl-session-a6a114bc-b192-44d8-a65f-8a6094a2880e] INFO  org.eclipse.jetty.server.Server - Started @2382782ms
